
  .   ____          _            __ _ _
 /\\ / ___'_ __ _ _(_)_ __  __ _ \ \ \ \
( ( )\___ | '_ | '_| | '_ \/ _` | \ \ \ \
 \\/  ___)| |_)| | | | | || (_| |  ) ) ) )
  '  |____| .__|_| |_|_| |_\__, | / / / /
 =========|_|==============|___/=/_/_/_/
 :: Spring Boot ::                (v3.2.5)

2026-04-01 19:19:28 - Starting AcademicSupportPortalApplication v0.0.1-SNAPSHOT using Java 25.0.2 with PID 76352 (D:\SLIIT Project\academic-support-portal v3\academic-support-portal\target\academic-support-portal-0.0.1-SNAPSHOT.jar started by Dell in D:\SLIIT Project\academic-support-portal v3\academic-support-portal)
2026-04-01 19:19:28 - Running with Spring Boot v3.2.5, Spring v6.1.6
2026-04-01 19:19:28 - No active profile set, falling back to 1 default profile: "default"
2026-04-01 19:19:29 - Bootstrapping Spring Data MongoDB repositories in DEFAULT mode.
2026-04-01 19:19:29 - Finished Spring Data repository scanning in 113 ms. Found 24 MongoDB repository interfaces.
2026-04-01 19:19:30 - Tomcat initialized with port 8080 (http)
2026-04-01 19:19:30 - Starting service [Tomcat]
2026-04-01 19:19:30 - Starting Servlet engine: [Apache Tomcat/10.1.20]
2026-04-01 19:19:30 - Initializing Spring embedded WebApplicationContext
2026-04-01 19:19:30 - Root WebApplicationContext: initialization completed in 2292 ms
2026-04-01 19:19:30 - MongoClient with metadata {"driver": {"name": "mongo-java-driver|sync|spring-boot", "version": "4.11.2"}, "os": {"type": "Windows", "name": "Windows 11", "architecture": "amd64", "version": "10.0"}, "platform": "Java/Eclipse Adoptium/25.0.2+10-LTS"} created with settings MongoClientSettings{readPreference=primary, writeConcern=WriteConcern{w=null, wTimeout=null ms, journal=null}, retryWrites=true, retryReads=true, readConcern=ReadConcern{level=null}, credential=null, transportSettings=null, streamFactoryFactory=null, commandListeners=[], codecRegistry=ProvidersCodecRegistry{codecProviders=[ValueCodecProvider{}, BsonValueCodecProvider{}, DBRefCodecProvider{}, DBObjectCodecProvider{}, DocumentCodecProvider{}, CollectionCodecProvider{}, IterableCodecProvider{}, MapCodecProvider{}, GeoJsonCodecProvider{}, GridFSFileCodecProvider{}, Jsr310CodecProvider{}, JsonObjectCodecProvider{}, BsonCodecProvider{}, EnumCodecProvider{}, com.mongodb.client.model.mql.ExpressionCodecProvider@6f5e16cf, com.mongodb.Jep395RecordCodecProvider@750a04ec, com.mongodb.KotlinCodecProvider@49e2b3c5]}, loggerSettings=LoggerSettings{maxDocumentLength=1000}, clusterSettings={hosts=[localhost:27017], srvServiceName=mongodb, mode=SINGLE, requiredClusterType=UNKNOWN, requiredReplicaSetName='null', serverSelector='null', clusterListeners='[]', serverSelectionTimeout='30000 ms', localThreshold='15 ms'}, socketSettings=SocketSettings{connectTimeoutMS=10000, readTimeoutMS=0, receiveBufferSize=0, proxySettings=ProxySettings{host=null, port=null, username=null, password=null}}, heartbeatSocketSettings=SocketSettings{connectTimeoutMS=10000, readTimeoutMS=10000, receiveBufferSize=0, proxySettings=ProxySettings{host=null, port=null, username=null, password=null}}, connectionPoolSettings=ConnectionPoolSettings{maxSize=100, minSize=0, maxWaitTimeMS=120000, maxConnectionLifeTimeMS=0, maxConnectionIdleTimeMS=0, maintenanceInitialDelayMS=0, maintenanceFrequencyMS=60000, connectionPoolListeners=[], maxConnecting=2}, serverSettings=ServerSettings{heartbeatFrequencyMS=10000, minHeartbeatFrequencyMS=500, serverListeners='[]', serverMonitorListeners='[]'}, sslSettings=SslSettings{enabled=false, invalidHostNameAllowed=false, context=null}, applicationName='null', compressorList=[], uuidRepresentation=JAVA_LEGACY, serverApi=null, autoEncryptionSettings=null, dnsClient=null, inetAddressResolver=null, contextProvider=null}
2026-04-01 19:19:30 - Exception in monitor thread while connecting to server localhost:27017
com.mongodb.MongoSocketOpenException: Exception opening socket
	at com.mongodb.internal.connection.SocketStream.lambda$open$0(SocketStream.java:84)
	at java.base/java.util.Optional.orElseThrow(Optional.java:403)
	at com.mongodb.internal.connection.SocketStream.open(SocketStream.java:84)
	at com.mongodb.internal.connection.InternalStreamConnection.open(InternalStreamConnection.java:211)
	at com.mongodb.internal.connection.DefaultServerMonitor$ServerMonitorRunnable.lookupServerDescription(DefaultServerMonitor.java:193)
	at com.mongodb.internal.connection.DefaultServerMonitor$ServerMonitorRunnable.run(DefaultServerMonitor.java:153)
	at java.base/java.lang.Thread.run(Thread.java:1474)
Caused by: java.net.ConnectException: Connection refused: getsockopt
	at java.base/sun.nio.ch.Net.pollConnect(Native Method)
	at java.base/sun.nio.ch.Net.pollConnectNow(Net.java:639)
	at java.base/sun.nio.ch.NioSocketImpl.timedFinishConnect(NioSocketImpl.java:543)
	at java.base/sun.nio.ch.NioSocketImpl.connect(NioSocketImpl.java:594)
	at java.base/java.net.SocksSocketImpl.connect(SocksSocketImpl.java:284)
	at java.base/java.net.Socket.connect(Socket.java:659)
	at com.mongodb.internal.connection.SocketStreamHelper.initialize(SocketStreamHelper.java:76)
	at com.mongodb.internal.connection.SocketStream.initializeSocket(SocketStream.java:104)
	at com.mongodb.internal.connection.SocketStream.open(SocketStream.java:78)
	... 4 common frames omitted
2026-04-01 19:19:31 - Filter 'jwtAuthenticationFilter' configured for use
2026-04-01 19:19:33 - Will secure any request with [org.springframework.security.web.session.DisableEncodeUrlFilter@5486ee92, org.springframework.security.web.context.request.async.WebAsyncManagerIntegrationFilter@20820df0, org.springframework.security.web.context.SecurityContextHolderFilter@d49e8c6, org.springframework.security.web.header.HeaderWriterFilter@26994c6a, org.springframework.web.filter.CorsFilter@9e62fb, org.springframework.security.web.authentication.logout.LogoutFilter@3c3e363, com.example.academic_support_portal.security.JwtAuthenticationFilter@3457cc8d, org.springframework.security.web.savedrequest.RequestCacheAwareFilter@5896cb9c, org.springframework.security.web.servletapi.SecurityContextHolderAwareRequestFilter@44b9c7c4, org.springframework.security.web.authentication.AnonymousAuthenticationFilter@205159dc, org.springframework.security.web.session.SessionManagementFilter@1fb6b8fb, org.springframework.security.web.access.ExceptionTranslationFilter@ee2ae9a, org.springframework.security.web.access.intercept.AuthorizationFilter@2a7bc16b]
2026-04-01 19:19:34 - Tomcat started on port 8080 (http) with context path ''
2026-04-01 19:19:34 - Started AcademicSupportPortalApplication in 6.79 seconds (process running for 7.72)
2026-04-01 19:19:34 - No server chosen by ReadPreferenceServerSelector{readPreference=primary} from cluster description ClusterDescription{type=UNKNOWN, connectionMode=SINGLE, serverDescriptions=[ServerDescription{address=localhost:27017, type=UNKNOWN, state=CONNECTING, exception={com.mongodb.MongoSocketOpenException: Exception opening socket}, caused by {java.net.ConnectException: Connection refused: getsockopt}}]}. Waiting for 30000 ms before timing out
