{"t":{"$date":"2026-04-01T19:19:06.705+05:30"},"s":"I",  "c":"-",        "id":8991200, "ctx":"thread1","msg":"Shuffling initializers","attr":{"seed":2042813281}}
{"t":{"$date":"2026-04-01T19:19:06.831+05:30"},"s":"I",  "c":"CONTROL",  "id":97374,   "ctx":"thread1","msg":"Automatically disabling TLS 1.0 and TLS 1.1, to force-enable TLS 1.1 specify --sslDisabledProtocols 'TLS1_0'; to force-enable TLS 1.0 specify --sslDisabledProtocols 'none'"}
{"t":{"$date":"2026-04-01T19:19:06.847+05:30"},"s":"I",  "c":"NETWORK",  "id":4915701, "ctx":"thread1","msg":"Initialized wire specification","attr":{"spec":{"incomingExternalClient":{"minWireVersion":0,"maxWireVersion":27},"incomingInternalClient":{"minWireVersion":0,"maxWireVersion":27},"outgoing":{"minWireVersion":6,"maxWireVersion":27},"isInternalClient":true}}}
{"t":{"$date":"2026-04-01T19:19:06.850+05:30"},"s":"I",  "c":"CONTROL",  "id":5945603, "ctx":"thread1","msg":"Multi threading initialized"}
{"t":{"$date":"2026-04-01T19:19:06.851+05:30"},"s":"I",  "c":"CONTROL",  "id":4615611, "ctx":"initandlisten","msg":"MongoDB starting","attr":{"pid":74860,"port":27017,"dbPath":"C:/data/db","architecture":"64-bit","host":"DESKTOP-I6N6HI0"}}
{"t":{"$date":"2026-04-01T19:19:06.851+05:30"},"s":"I",  "c":"CONTROL",  "id":23398,   "ctx":"initandlisten","msg":"Target operating system minimum version","attr":{"targetMinOS":"Windows 7/Windows Server 2008 R2"}}
{"t":{"$date":"2026-04-01T19:19:06.852+05:30"},"s":"I",  "c":"CONTROL",  "id":23403,   "ctx":"initandlisten","msg":"Build Info","attr":{"buildInfo":{"version":"8.2.5","gitVersion":"a471a13094434666c48a1f75451f2efa49f8f5df","modules":[],"allocator":"tcmalloc-gperf","environment":{"distmod":"windows"}}}}
{"t":{"$date":"2026-04-01T19:19:06.852+05:30"},"s":"I",  "c":"CONTROL",  "id":51765,   "ctx":"initandlisten","msg":"Operating System","attr":{"os":{"name":"Microsoft Windows Workstation (build 26200)","version":"10.0 (build 26200)"}}}
{"t":{"$date":"2026-04-01T19:19:06.853+05:30"},"s":"I",  "c":"CONTROL",  "id":21951,   "ctx":"initandlisten","msg":"Options set by command line","attr":{"options":{"net":{"port":27017},"storage":{"dbPath":"C:\\data\\db"}}}}
{"t":{"$date":"2026-04-01T19:19:06.854+05:30"},"s":"W",  "c":"NETWORK",  "id":11621101,"ctx":"initandlisten","msg":"Overriding max connections to honor `capMemoryConsumptionForPreAuthBuffers` settings","attr":{"limit":258595}}
{"t":{"$date":"2026-04-01T19:19:06.855+05:30"},"s":"I",  "c":"NETWORK",  "id":4648601, "ctx":"initandlisten","msg":"Implicit TCP FastOpen unavailable. If TCP FastOpen is required, set at least one of the related parameters","attr":{"relatedParameters":["tcpFastOpenServer","tcpFastOpenClient","tcpFastOpenQueueSize"]}}
{"t":{"$date":"2026-04-01T19:19:06.860+05:30"},"s":"I",  "c":"STORAGE",  "id":22315,   "ctx":"initandlisten","msg":"Opening WiredTiger","attr":{"config":"create,cache_size=9589M,session_max=33000,eviction=(threads_min=4,threads_max=4),config_base=false,statistics=(fast),log=(enabled=true,remove=true,path=journal,compressor=snappy),builtin_extension_config=(zstd=(compression_level=6)),file_manager=(close_idle_time=600,close_scan_interval=10,close_handle_minimum=2000),statistics_log=(wait=0),json_output=(error,message),verbose=[recovery_progress:1,checkpoint_progress:1,compact_progress:1,live_restore_progress:1,backup:0,checkpoint:0,compact:0,eviction:0,fileops:0,history_store:0,live_restore:0,recovery:0,rts:0,salvage:0,tiered:0,timestamp:0,transaction:0,verify:0,log:0],prefetch=(available=true,default=false),"}}
{"t":{"$date":"2026-04-01T19:19:06.866+05:30"},"s":"I",  "c":"WTRECOV",  "id":22430,   "ctx":"initandlisten","msg":"WiredTiger message","attr":{"message":{"ts_sec":1775051346,"ts_usec":865190,"thread":"74860:140718149240352","session_name":"wiredtiger_open","category":"WT_VERB_RECOVERY","log_id":1000000,"category_id":32,"verbose_level":"INFO","verbose_level_id":0,"msg":"opening the WiredTiger library"}}}
{"t":{"$date":"2026-04-01T19:19:06.885+05:30"},"s":"I",  "c":"WTRECOV",  "id":22430,   "ctx":"initandlisten","msg":"WiredTiger message","attr":{"message":{"ts_sec":1775051346,"ts_usec":884963,"thread":"74860:140718149240352","session_name":"connection","category":"WT_VERB_RECOVERY","log_id":1000000,"category_id":32,"verbose_level":"INFO","verbose_level_id":0,"msg":"connection configuration string parsing completed"}}}
{"t":{"$date":"2026-04-01T19:19:06.897+05:30"},"s":"I",  "c":"WTRECOV",  "id":22430,   "ctx":"initandlisten","msg":"WiredTiger message","attr":{"message":{"ts_sec":1775051346,"ts_usec":896570,"thread":"74860:140718149240352","session_name":"connection","category":"WT_VERB_RECOVERY","log_id":1000000,"category_id":32,"verbose_level":"INFO","verbose_level_id":0,"msg":"starting WiredTiger utility threads"}}}
{"t":{"$date":"2026-04-01T19:19:06.906+05:30"},"s":"I",  "c":"WTRECOV",  "id":22430,   "ctx":"initandlisten","msg":"WiredTiger message","attr":{"message":{"ts_sec":1775051346,"ts_usec":905918,"thread":"74860:140718149240352","session_name":"connection","category":"WT_VERB_RECOVERY","log_id":1000000,"category_id":32,"verbose_level":"INFO","verbose_level_id":0,"msg":"starting WiredTiger recovery"}}}
{"t":{"$date":"2026-04-01T19:19:06.908+05:30"},"s":"I",  "c":"WTRECOV",  "id":22430,   "ctx":"initandlisten","msg":"WiredTiger message","attr":{"message":{"ts_sec":1775051346,"ts_usec":907912,"thread":"74860:140718149240352","session_name":"txn-recover","category":"WT_VERB_RECOVERY","log_id":1000000,"category_id":32,"verbose_level":"INFO","verbose_level_id":0,"msg":"scanning metadata to find the largest file ID"}}}
{"t":{"$date":"2026-04-01T19:19:06.909+05:30"},"s":"I",  "c":"WTRECOV",  "id":22430,   "ctx":"initandlisten","msg":"WiredTiger message","attr":{"message":{"ts_sec":1775051346,"ts_usec":907912,"thread":"74860:140718149240352","session_name":"txn-recover","category":"WT_VERB_RECOVERY","log_id":1000000,"category_id":32,"verbose_level":"INFO","verbose_level_id":0,"msg":"largest file ID found in the metadata 0"}}}
{"t":{"$date":"2026-04-01T19:19:06.909+05:30"},"s":"I",  "c":"WTRECOV",  "id":22430,   "ctx":"initandlisten","msg":"WiredTiger message","attr":{"message":{"ts_sec":1775051346,"ts_usec":909390,"thread":"74860:140718149240352","session_name":"txn-recover","category":"WT_VERB_RECOVERY","log_id":1000000,"category_id":32,"verbose_level":"INFO","verbose_level_id":0,"msg":"recovery log replay has successfully finished and ran for 2 milliseconds"}}}
{"t":{"$date":"2026-04-01T19:19:06.910+05:30"},"s":"I",  "c":"WTRECOV",  "id":22430,   "ctx":"initandlisten","msg":"WiredTiger message","attr":{"message":{"ts_sec":1775051346,"ts_usec":909390,"thread":"74860:140718149240352","session_name":"txn-recover","category":"WT_VERB_RECOVERY_PROGRESS","log_id":1000000,"category_id":33,"verbose_level":"DEBUG_1","verbose_level_id":1,"msg":"Set global recovery timestamp: (0, 0)"}}}
{"t":{"$date":"2026-04-01T19:19:06.910+05:30"},"s":"I",  "c":"WTRECOV",  "id":22430,   "ctx":"initandlisten","msg":"WiredTiger message","attr":{"message":{"ts_sec":1775051346,"ts_usec":910395,"thread":"74860:140718149240352","session_name":"txn-recover","category":"WT_VERB_RECOVERY_PROGRESS","log_id":1000000,"category_id":33,"verbose_level":"DEBUG_1","verbose_level_id":1,"msg":"Set global oldest timestamp: (0, 0)"}}}
{"t":{"$date":"2026-04-01T19:19:06.911+05:30"},"s":"I",  "c":"WTRECOV",  "id":22430,   "ctx":"initandlisten","msg":"WiredTiger message","attr":{"message":{"ts_sec":1775051346,"ts_usec":911402,"thread":"74860:140718149240352","session_name":"txn-recover","category":"WT_VERB_RECOVERY","log_id":1493201,"category_id":32,"verbose_level":"INFO","verbose_level_id":0,"msg":"recovery was completed successfully and took 4ms, including 2ms for the log replay, 0ms for the rollback to stable, and 0ms for the checkpoint."}}}
{"t":{"$date":"2026-04-01T19:19:06.912+05:30"},"s":"I",  "c":"WTRECOV",  "id":22430,   "ctx":"initandlisten","msg":"WiredTiger message","attr":{"message":{"ts_sec":1775051346,"ts_usec":911402,"thread":"74860:140718149240352","session_name":"txn-recover","category":"WT_VERB_RECOVERY_PROGRESS","log_id":1493201,"category_id":33,"verbose_level":"INFO","verbose_level_id":0,"msg":"recovery was completed successfully and took 4ms, including 2ms for the log replay, 0ms for the rollback to stable, and 0ms for the checkpoint."}}}
{"t":{"$date":"2026-04-01T19:19:06.922+05:30"},"s":"I",  "c":"WTEVICT",  "id":22430,   "ctx":"initandlisten","msg":"WiredTiger message","attr":{"message":{"ts_sec":1775051346,"ts_usec":921871,"thread":"74860:140718149240352","session_name":"connection","category":"WT_VERB_EVICTION","log_id":1000000,"category_id":15,"verbose_level":"INFO","verbose_level_id":0,"msg":"starting eviction threads"}}}
{"t":{"$date":"2026-04-01T19:19:06.927+05:30"},"s":"I",  "c":"WTRECOV",  "id":22430,   "ctx":"initandlisten","msg":"WiredTiger message","attr":{"message":{"ts_sec":1775051346,"ts_usec":926846,"thread":"74860:140718149240352","session_name":"connection","category":"WT_VERB_RECOVERY","log_id":1000000,"category_id":32,"verbose_level":"INFO","verbose_level_id":0,"msg":"WiredTiger utility threads started successfully"}}}
{"t":{"$date":"2026-04-01T19:19:06.928+05:30"},"s":"I",  "c":"WTRECOV",  "id":22430,   "ctx":"initandlisten","msg":"WiredTiger message","attr":{"message":{"ts_sec":1775051346,"ts_usec":927855,"thread":"74860:140718149240352","session_name":"connection","category":"WT_VERB_RECOVERY","log_id":1000000,"category_id":32,"verbose_level":"INFO","verbose_level_id":0,"msg":"the WiredTiger library has successfully opened"}}}
{"t":{"$date":"2026-04-01T19:19:06.928+05:30"},"s":"I",  "c":"STORAGE",  "id":4795906, "ctx":"initandlisten","msg":"WiredTiger opened","attr":{"durationMillis":68}}
{"t":{"$date":"2026-04-01T19:19:06.929+05:30"},"s":"I",  "c":"RECOVERY", "id":23987,   "ctx":"initandlisten","msg":"WiredTiger recoveryTimestamp","attr":{"recoveryTimestamp":{"$timestamp":{"t":0,"i":0}}}}
{"t":{"$date":"2026-04-01T19:19:06.929+05:30"},"s":"I",  "c":"STORAGE",  "id":9086700, "ctx":"initandlisten","msg":"WiredTiger session cache max value has been set","attr":{"sessionCacheMax":16500}}
{"t":{"$date":"2026-04-01T19:19:06.942+05:30"},"s":"I",  "c":"STORAGE",  "id":10158000,"ctx":"initandlisten","msg":"Opening spill WiredTiger","attr":{"config":"create,cache_size=505M,session_max=1024,eviction=(threads_min=1,threads_max=1),eviction_dirty_target=25MB,eviction_dirty_trigger=404MB,eviction_updates_trigger=404MB,config_base=false,statistics=(fast),log=(enabled=false),builtin_extension_config=(zstd=(compression_level=-7)),file_manager=(close_idle_time=600,close_scan_interval=10,close_handle_minimum=2000),statistics_log=(wait=0),json_output=(error,message),verbose=[recovery_progress:1,checkpoint_progress:1,compact_progress:1,live_restore_progress:1,backup:0,checkpoint:0,compact:0,eviction:0,fileops:0,history_store:0,live_restore:0,recovery:0,rts:0,salvage:0,tiered:0,timestamp:0,transaction:0,verify:0,log:0],"}}
{"t":{"$date":"2026-04-01T19:19:06.945+05:30"},"s":"I",  "c":"WTRECOV",  "id":22430,   "ctx":"initandlisten","msg":"WiredTiger message","attr":{"message":{"ts_sec":1775051346,"ts_usec":944854,"thread":"74860:140718149240352","session_name":"wiredtiger_open","category":"WT_VERB_RECOVERY","log_id":1000000,"category_id":32,"verbose_level":"INFO","verbose_level_id":0,"msg":"opening the WiredTiger library"}}}
{"t":{"$date":"2026-04-01T19:19:06.948+05:30"},"s":"I",  "c":"WTRECOV",  "id":22430,   "ctx":"initandlisten","msg":"WiredTiger message","attr":{"message":{"ts_sec":1775051346,"ts_usec":947855,"thread":"74860:140718149240352","session_name":"connection","category":"WT_VERB_RECOVERY","log_id":1000000,"category_id":32,"verbose_level":"INFO","verbose_level_id":0,"msg":"connection configuration string parsing completed"}}}
{"t":{"$date":"2026-04-01T19:19:06.958+05:30"},"s":"I",  "c":"WTRECOV",  "id":22430,   "ctx":"initandlisten","msg":"WiredTiger message","attr":{"message":{"ts_sec":1775051346,"ts_usec":957944,"thread":"74860:140718149240352","session_name":"connection","category":"WT_VERB_RECOVERY","log_id":1000000,"category_id":32,"verbose_level":"INFO","verbose_level_id":0,"msg":"starting WiredTiger utility threads"}}}
{"t":{"$date":"2026-04-01T19:19:06.960+05:30"},"s":"I",  "c":"WTRECOV",  "id":22430,   "ctx":"initandlisten","msg":"WiredTiger message","attr":{"message":{"ts_sec":1775051346,"ts_usec":959955,"thread":"74860:140718149240352","session_name":"connection","category":"WT_VERB_RECOVERY","log_id":1000000,"category_id":32,"verbose_level":"INFO","verbose_level_id":0,"msg":"starting WiredTiger recovery"}}}
{"t":{"$date":"2026-04-01T19:19:06.961+05:30"},"s":"I",  "c":"WTRECOV",  "id":22430,   "ctx":"initandlisten","msg":"WiredTiger message","attr":{"message":{"ts_sec":1775051346,"ts_usec":960962,"thread":"74860:140718149240352","session_name":"txn-recover","category":"WT_VERB_RECOVERY","log_id":1000000,"category_id":32,"verbose_level":"INFO","verbose_level_id":0,"msg":"scanning metadata to find the largest file ID"}}}
{"t":{"$date":"2026-04-01T19:19:06.962+05:30"},"s":"I",  "c":"WTRECOV",  "id":22430,   "ctx":"initandlisten","msg":"WiredTiger message","attr":{"message":{"ts_sec":1775051346,"ts_usec":961962,"thread":"74860:140718149240352","session_name":"txn-recover","category":"WT_VERB_RECOVERY","log_id":1000000,"category_id":32,"verbose_level":"INFO","verbose_level_id":0,"msg":"largest file ID found in the metadata 0"}}}
{"t":{"$date":"2026-04-01T19:19:06.963+05:30"},"s":"I",  "c":"WTRECOV",  "id":22430,   "ctx":"initandlisten","msg":"WiredTiger message","attr":{"message":{"ts_sec":1775051346,"ts_usec":962969,"thread":"74860:140718149240352","session_name":"txn-recover","category":"WT_VERB_RECOVERY","log_id":1000000,"category_id":32,"verbose_level":"INFO","verbose_level_id":0,"msg":"recovery log replay has successfully finished and ran for 2 milliseconds"}}}
{"t":{"$date":"2026-04-01T19:19:06.963+05:30"},"s":"I",  "c":"WTRECOV",  "id":22430,   "ctx":"initandlisten","msg":"WiredTiger message","attr":{"message":{"ts_sec":1775051346,"ts_usec":962969,"thread":"74860:140718149240352","session_name":"txn-recover","category":"WT_VERB_RECOVERY_PROGRESS","log_id":1000000,"category_id":33,"verbose_level":"DEBUG_1","verbose_level_id":1,"msg":"Set global recovery timestamp: (0, 0)"}}}
{"t":{"$date":"2026-04-01T19:19:06.964+05:30"},"s":"I",  "c":"WTRECOV",  "id":22430,   "ctx":"initandlisten","msg":"WiredTiger message","attr":{"message":{"ts_sec":1775051346,"ts_usec":963961,"thread":"74860:140718149240352","session_name":"txn-recover","category":"WT_VERB_RECOVERY_PROGRESS","log_id":1000000,"category_id":33,"verbose_level":"DEBUG_1","verbose_level_id":1,"msg":"Set global oldest timestamp: (0, 0)"}}}
{"t":{"$date":"2026-04-01T19:19:06.964+05:30"},"s":"I",  "c":"WTRECOV",  "id":22430,   "ctx":"initandlisten","msg":"WiredTiger message","attr":{"message":{"ts_sec":1775051346,"ts_usec":963961,"thread":"74860:140718149240352","session_name":"txn-recover","category":"WT_VERB_RECOVERY","log_id":1493201,"category_id":32,"verbose_level":"INFO","verbose_level_id":0,"msg":"recovery was completed successfully and took 2ms, including 2ms for the log replay, 0ms for the rollback to stable, and 0ms for the checkpoint."}}}
{"t":{"$date":"2026-04-01T19:19:06.970+05:30"},"s":"I",  "c":"WTRECOV",  "id":22430,   "ctx":"initandlisten","msg":"WiredTiger message","attr":{"message":{"ts_sec":1775051346,"ts_usec":970430,"thread":"74860:140718149240352","session_name":"txn-recover","category":"WT_VERB_RECOVERY_PROGRESS","log_id":1493201,"category_id":33,"verbose_level":"INFO","verbose_level_id":0,"msg":"recovery was completed successfully and took 2ms, including 2ms for the log replay, 0ms for the rollback to stable, and 0ms for the checkpoint."}}}
{"t":{"$date":"2026-04-01T19:19:06.992+05:30"},"s":"I",  "c":"WTEVICT",  "id":22430,   "ctx":"initandlisten","msg":"WiredTiger message","attr":{"message":{"ts_sec":1775051346,"ts_usec":991508,"thread":"74860:140718149240352","session_name":"connection","category":"WT_VERB_EVICTION","log_id":1000000,"category_id":15,"verbose_level":"INFO","verbose_level_id":0,"msg":"starting eviction threads"}}}
{"t":{"$date":"2026-04-01T19:19:06.997+05:30"},"s":"I",  "c":"WTRECOV",  "id":22430,   "ctx":"initandlisten","msg":"WiredTiger message","attr":{"message":{"ts_sec":1775051346,"ts_usec":996508,"thread":"74860:140718149240352","session_name":"connection","category":"WT_VERB_RECOVERY","log_id":1000000,"category_id":32,"verbose_level":"INFO","verbose_level_id":0,"msg":"WiredTiger utility threads started successfully"}}}
{"t":{"$date":"2026-04-01T19:19:06.998+05:30"},"s":"I",  "c":"WTRECOV",  "id":22430,   "ctx":"initandlisten","msg":"WiredTiger message","attr":{"message":{"ts_sec":1775051346,"ts_usec":997508,"thread":"74860:140718149240352","session_name":"connection","category":"WT_VERB_RECOVERY","log_id":1000000,"category_id":32,"verbose_level":"INFO","verbose_level_id":0,"msg":"the WiredTiger library has successfully opened"}}}
{"t":{"$date":"2026-04-01T19:19:07.002+05:30"},"s":"I",  "c":"STORAGE",  "id":10158001,"ctx":"initandlisten","msg":"Spill WiredTiger opened","attr":{"durationMillis":60}}
{"t":{"$date":"2026-04-01T19:19:07.062+05:30"},"s":"I",  "c":"STORAGE",  "id":9529901, "ctx":"initandlisten","msg":"Initializing durable catalog","attr":{"numRecords":0}}
{"t":{"$date":"2026-04-01T19:19:07.063+05:30"},"s":"I",  "c":"STORAGE",  "id":9529902, "ctx":"initandlisten","msg":"Retrieving all idents from storage engine"}
{"t":{"$date":"2026-04-01T19:19:07.070+05:30"},"s":"I",  "c":"STORAGE",  "id":9529903, "ctx":"initandlisten","msg":"Initializing all collections in durable catalog","attr":{"numEntries":0}}
{"t":{"$date":"2026-04-01T19:19:07.101+05:30"},"s":"W",  "c":"CONTROL",  "id":22120,   "ctx":"initandlisten","msg":"Access control is not enabled for the database. Read and write access to data and configuration is unrestricted","tags":["startupWarnings"]}
{"t":{"$date":"2026-04-01T19:19:07.103+05:30"},"s":"W",  "c":"CONTROL",  "id":22140,   "ctx":"initandlisten","msg":"This server is bound to localhost. Remote systems will be unable to connect to this server. Start the server with --bind_ip <address> to specify which IP addresses it should serve responses from, or with --bind_ip_all to bind to all interfaces. If this behavior is desired, start the server with --bind_ip 127.0.0.1 to disable this warning","tags":["startupWarnings"]}
{"t":{"$date":"2026-04-01T19:19:07.104+05:30"},"s":"I",  "c":"STORAGE",  "id":20320,   "ctx":"initandlisten","msg":"createCollection","attr":{"namespace":"admin.system.version","uuidDisposition":"provided","uuid":{"uuid":{"$uuid":"7f27854e-c193-4eeb-9295-a32381aba990"}},"options":{"uuid":{"$uuid":"7f27854e-c193-4eeb-9295-a32381aba990"}}}}
{"t":{"$date":"2026-04-01T19:19:07.125+05:30"},"s":"I",  "c":"INDEX",    "id":20345,   "ctx":"initandlisten","msg":"Index build: done building","attr":{"buildUUID":null,"collectionUUID":{"uuid":{"$uuid":"7f27854e-c193-4eeb-9295-a32381aba990"}},"namespace":"admin.system.version","index":"_id_","ident":"index-3005eee6-baa3-47a6-9b3e-90f9811d9ff1","collectionIdent":"collection-70862b47-8543-4f9a-966e-dbba4990b49e","commitTimestamp":null}}
{"t":{"$date":"2026-04-01T19:19:07.126+05:30"},"s":"I",  "c":"REPL",     "id":20459,   "ctx":"initandlisten","msg":"Setting featureCompatibilityVersion","attr":{"newVersion":"8.2"}}
{"t":{"$date":"2026-04-01T19:19:07.127+05:30"},"s":"I",  "c":"REPL",     "id":5853300, "ctx":"initandlisten","msg":"current featureCompatibilityVersion value","attr":{"featureCompatibilityVersion":"8.2","context":"setFCV"}}
{"t":{"$date":"2026-04-01T19:19:07.127+05:30"},"s":"I",  "c":"NETWORK",  "id":4915702, "ctx":"initandlisten","msg":"Updated wire specification","attr":{"oldSpec":{"incomingExternalClient":{"minWireVersion":0,"maxWireVersion":27},"incomingInternalClient":{"minWireVersion":0,"maxWireVersion":27},"outgoing":{"minWireVersion":6,"maxWireVersion":27},"isInternalClient":true},"newSpec":{"incomingExternalClient":{"minWireVersion":0,"maxWireVersion":27},"incomingInternalClient":{"minWireVersion":27,"maxWireVersion":27},"outgoing":{"minWireVersion":27,"maxWireVersion":27},"isInternalClient":true}}}
{"t":{"$date":"2026-04-01T19:19:07.130+05:30"},"s":"I",  "c":"NETWORK",  "id":4915702, "ctx":"initandlisten","msg":"Updated wire specification","attr":{"oldSpec":{"incomingExternalClient":{"minWireVersion":0,"maxWireVersion":27},"incomingInternalClient":{"minWireVersion":27,"maxWireVersion":27},"outgoing":{"minWireVersion":27,"maxWireVersion":27},"isInternalClient":true},"newSpec":{"incomingExternalClient":{"minWireVersion":0,"maxWireVersion":27},"incomingInternalClient":{"minWireVersion":27,"maxWireVersion":27},"outgoing":{"minWireVersion":27,"maxWireVersion":27},"isInternalClient":true}}}
{"t":{"$date":"2026-04-01T19:19:07.131+05:30"},"s":"I",  "c":"REPL",     "id":5853300, "ctx":"initandlisten","msg":"current featureCompatibilityVersion value","attr":{"featureCompatibilityVersion":"8.2","context":"startup"}}
{"t":{"$date":"2026-04-01T19:19:07.138+05:30"},"s":"I",  "c":"STORAGE",  "id":5071100, "ctx":"initandlisten","msg":"Clearing temp directory"}
{"t":{"$date":"2026-04-01T19:19:07.140+05:30"},"s":"I",  "c":"STORAGE",  "id":10682200,"ctx":"initandlisten","msg":"Dropping spill idents","attr":{"numIdents":0}}
{"t":{"$date":"2026-04-01T19:19:07.141+05:30"},"s":"I",  "c":"CONTROL",  "id":6608200, "ctx":"initandlisten","msg":"Initializing cluster server parameters from disk"}
{"t":{"$date":"2026-04-01T19:19:07.142+05:30"},"s":"I",  "c":"CONTROL",  "id":20536,   "ctx":"initandlisten","msg":"Flow Control is enabled on this deployment"}
{"t":{"$date":"2026-04-01T19:19:07.453+05:30"},"s":"I",  "c":"FTDC",     "id":20625,   "ctx":"initandlisten","msg":"Initializing full-time diagnostic data capture","attr":{"dataDirectory":"C:/data/db/diagnostic.data"}}
{"t":{"$date":"2026-04-01T19:19:07.456+05:30"},"s":"I",  "c":"STORAGE",  "id":20320,   "ctx":"initandlisten","msg":"createCollection","attr":{"namespace":"local.startup_log","uuidDisposition":"generated","uuid":{"uuid":{"$uuid":"37c6bf79-e9db-4037-852e-d9030bf86a5e"}},"options":{"capped":true,"size":10485760}}}
{"t":{"$date":"2026-04-01T19:19:07.466+05:30"},"s":"I",  "c":"INDEX",    "id":20345,   "ctx":"initandlisten","msg":"Index build: done building","attr":{"buildUUID":null,"collectionUUID":{"uuid":{"$uuid":"37c6bf79-e9db-4037-852e-d9030bf86a5e"}},"namespace":"local.startup_log","index":"_id_","ident":"index-73fd814f-07c4-43ea-ba23-586cb7ce528d","collectionIdent":"collection-41f03722-f0cf-4957-aa92-e6cd12944588","commitTimestamp":null}}
{"t":{"$date":"2026-04-01T19:19:07.467+05:30"},"s":"I",  "c":"REPL",     "id":6015317, "ctx":"initandlisten","msg":"Setting new configuration state","attr":{"newState":"ConfigReplicationDisabled","oldState":"ConfigPreStart"}}
{"t":{"$date":"2026-04-01T19:19:07.468+05:30"},"s":"I",  "c":"STORAGE",  "id":22262,   "ctx":"initandlisten","msg":"Timestamp monitor starting"}
{"t":{"$date":"2026-04-01T19:19:07.469+05:30"},"s":"I",  "c":"STORAGE",  "id":7333401, "ctx":"initandlisten","msg":"Starting the DiskSpaceMonitor"}
{"t":{"$date":"2026-04-01T19:19:07.473+05:30"},"s":"I",  "c":"NETWORK",  "id":23015,   "ctx":"listener","msg":"Listening on","attr":{"address":"127.0.0.1:27017"}}
{"t":{"$date":"2026-04-01T19:19:07.474+05:30"},"s":"I",  "c":"CONTROL",  "id":20712,   "ctx":"LogicalSessionCacheReap","msg":"Sessions collection is not set up; waiting until next sessions reap interval","attr":{"error":"NamespaceNotFound: config.system.sessions does not exist"}}
{"t":{"$date":"2026-04-01T19:19:07.474+05:30"},"s":"I",  "c":"NETWORK",  "id":23016,   "ctx":"listener","msg":"Waiting for connections","attr":{"port":27017,"ssl":"off"}}
{"t":{"$date":"2026-04-01T19:19:07.474+05:30"},"s":"I",  "c":"STORAGE",  "id":20320,   "ctx":"LogicalSessionCacheRefresh","msg":"createCollection","attr":{"namespace":"config.system.sessions","uuidDisposition":"generated","uuid":{"uuid":{"$uuid":"64ac2689-c7f7-4699-beee-4f042c52a422"}},"options":{}}}
{"t":{"$date":"2026-04-01T19:19:07.475+05:30"},"s":"I",  "c":"CONTROL",  "id":8423403, "ctx":"initandlisten","msg":"mongod startup complete","attr":{"Summary of time elapsed":{"Startup from clean shutdown?":true,"Statistics":{"setUpPeriodicRunnerMillis":0,"setUpOCSPMillis":0,"setUpTransportLayerMillis":1,"initSyncCrashRecoveryMillis":0,"createLockFileMillis":0,"getStorageEngineMetadataMillis":0,"createStorageEngineMillis":211,"writePIDMillis":2,"writeNewMetadataMillis":25,"initializeFCVForIndexMillis":4,"dropAbandonedIdentsMillis":0,"standaloneClusterParamsMillis":1,"userAndRolesGraphMillis":0,"waitForMajorityServiceMillis":0,"startUpReplCoordMillis":1,"recoverChangeStreamMillis":0,"logStartupOptionsMillis":0,"startUpTransportLayerMillis":2,"initAndListenTotalMillis":623}}}}
{"t":{"$date":"2026-04-01T19:19:07.487+05:30"},"s":"I",  "c":"INDEX",    "id":20345,   "ctx":"LogicalSessionCacheRefresh","msg":"Index build: done building","attr":{"buildUUID":null,"collectionUUID":{"uuid":{"$uuid":"64ac2689-c7f7-4699-beee-4f042c52a422"}},"namespace":"config.system.sessions","index":"_id_","ident":"index-c1b915f0-4cbd-481d-87f5-7a4baa9ef877","collectionIdent":"collection-efeda1c0-09f2-4fe8-aaf9-69f40ec1208f","commitTimestamp":null}}
{"t":{"$date":"2026-04-01T19:19:07.488+05:30"},"s":"I",  "c":"INDEX",    "id":20345,   "ctx":"LogicalSessionCacheRefresh","msg":"Index build: done building","attr":{"buildUUID":null,"collectionUUID":{"uuid":{"$uuid":"64ac2689-c7f7-4699-beee-4f042c52a422"}},"namespace":"config.system.sessions","index":"lsidTTLIndex","ident":"index-e1c9e0ac-bccc-4480-968d-0a824b240c5f","collectionIdent":"collection-efeda1c0-09f2-4fe8-aaf9-69f40ec1208f","commitTimestamp":null}}
{"t":{"$date":"2026-04-01T19:19:26.442+05:30"},"s":"I",  "c":"CONTROL",  "id":23373,   "ctx":"thread27","msg":"CTRL_CLOSE_EVENT signal"}
{"t":{"$date":"2026-04-01T19:19:26.510+05:30"},"s":"I",  "c":"CONTROL",  "id":23371,   "ctx":"consoleTerminate","msg":"Received event, will terminate after current command ends","attr":{"controlCode":"CTRL_CLOSE_EVENT"}}
{"t":{"$date":"2026-04-01T19:19:26.511+05:30"},"s":"I",  "c":"REPL",     "id":4784900, "ctx":"consoleTerminate","msg":"Stepping down the ReplicationCoordinator for shutdown","attr":{"waitTimeMillis":15000}}
{"t":{"$date":"2026-04-01T19:19:26.511+05:30"},"s":"I",  "c":"REPL",     "id":4794602, "ctx":"consoleTerminate","msg":"Attempting to enter quiesce mode"}
{"t":{"$date":"2026-04-01T19:19:26.512+05:30"},"s":"I",  "c":"STORAGE",  "id":7333402, "ctx":"consoleTerminate","msg":"Shutting down the DiskSpaceMonitor"}
{"t":{"$date":"2026-04-01T19:19:26.531+05:30"},"s":"I",  "c":"-",        "id":6371601, "ctx":"consoleTerminate","msg":"Shutting down the FLE Crud thread pool"}
{"t":{"$date":"2026-04-01T19:19:26.532+05:30"},"s":"I",  "c":"COMMAND",  "id":4784901, "ctx":"consoleTerminate","msg":"Shutting down the MirrorMaestro"}
{"t":{"$date":"2026-04-01T19:19:26.532+05:30"},"s":"I",  "c":"SHARDING", "id":4784902, "ctx":"consoleTerminate","msg":"Shutting down the WaitForMajorityService"}
{"t":{"$date":"2026-04-01T19:19:26.540+05:30"},"s":"I",  "c":"CONTROL",  "id":4784903, "ctx":"consoleTerminate","msg":"Shutting down the LogicalSessionCache"}
{"t":{"$date":"2026-04-01T19:19:26.541+05:30"},"s":"I",  "c":"NETWORK",  "id":8314100, "ctx":"consoleTerminate","msg":"Shutdown: Closing listener sockets"}
{"t":{"$date":"2026-04-01T19:19:26.542+05:30"},"s":"I",  "c":"NETWORK",  "id":4784905, "ctx":"consoleTerminate","msg":"Shutting down the global connection pool"}
{"t":{"$date":"2026-04-01T19:19:26.543+05:30"},"s":"I",  "c":"CONTROL",  "id":4784906, "ctx":"consoleTerminate","msg":"Shutting down the FlowControlTicketholder"}
{"t":{"$date":"2026-04-01T19:19:26.544+05:30"},"s":"I",  "c":"-",        "id":20520,   "ctx":"consoleTerminate","msg":"Stopping further Flow Control ticket acquisitions."}
{"t":{"$date":"2026-04-01T19:19:26.544+05:30"},"s":"I",  "c":"CONTROL",  "id":4784908, "ctx":"consoleTerminate","msg":"Shutting down PeriodicThreadToAbortExpiredTransactions"}
{"t":{"$date":"2026-04-01T19:19:26.545+05:30"},"s":"I",  "c":"CONTROL",  "id":10036707,"ctx":"consoleTerminate","msg":"Shutting down PeriodicThreadToRollbackUnderCachePressure"}
{"t":{"$date":"2026-04-01T19:19:26.546+05:30"},"s":"I",  "c":"REPL",     "id":4784909, "ctx":"consoleTerminate","msg":"Shutting down the ReplicationCoordinator"}
{"t":{"$date":"2026-04-01T19:19:26.547+05:30"},"s":"I",  "c":"SHARDING", "id":4784910, "ctx":"consoleTerminate","msg":"Shutting down the ShardingInitializationMongoD"}
{"t":{"$date":"2026-04-01T19:19:26.547+05:30"},"s":"I",  "c":"REPL",     "id":4784911, "ctx":"consoleTerminate","msg":"Enqueuing the ReplicationStateTransitionLock for shutdown"}
{"t":{"$date":"2026-04-01T19:19:26.548+05:30"},"s":"I",  "c":"-",        "id":4784912, "ctx":"consoleTerminate","msg":"Killing all operations for shutdown"}
{"t":{"$date":"2026-04-01T19:19:26.549+05:30"},"s":"I",  "c":"-",        "id":4695300, "ctx":"consoleTerminate","msg":"Interrupted all currently running operations","attr":{"opsKilled":3}}
{"t":{"$date":"2026-04-01T19:19:26.549+05:30"},"s":"I",  "c":"COMMAND",  "id":4784913, "ctx":"consoleTerminate","msg":"Shutting down all open transactions"}
{"t":{"$date":"2026-04-01T19:19:26.550+05:30"},"s":"I",  "c":"REPL",     "id":4784914, "ctx":"consoleTerminate","msg":"Acquiring the ReplicationStateTransitionLock for shutdown"}
{"t":{"$date":"2026-04-01T19:19:26.551+05:30"},"s":"I",  "c":"INDEX",    "id":4784915, "ctx":"consoleTerminate","msg":"Shutting down the IndexBuildsCoordinator"}
{"t":{"$date":"2026-04-01T19:19:26.551+05:30"},"s":"I",  "c":"NETWORK",  "id":4784918, "ctx":"consoleTerminate","msg":"Shutting down the ReplicaSetMonitor"}
{"t":{"$date":"2026-04-01T19:19:26.552+05:30"},"s":"I",  "c":"SHARDING", "id":9439300, "ctx":"consoleTerminate","msg":"Shutting down the filtering metadata cache"}
{"t":{"$date":"2026-04-01T19:19:26.552+05:30"},"s":"I",  "c":"NETWORK",  "id":20562,   "ctx":"consoleTerminate","msg":"Shutdown: Closing open transport sessions"}
{"t":{"$date":"2026-04-01T19:19:26.553+05:30"},"s":"I",  "c":"NETWORK",  "id":4784923, "ctx":"consoleTerminate","msg":"Shutting down the ASIO transport SessionManager"}
{"t":{"$date":"2026-04-01T19:19:26.553+05:30"},"s":"I",  "c":"CONTROL",  "id":4784927, "ctx":"consoleTerminate","msg":"Shutting down the HealthLog"}
{"t":{"$date":"2026-04-01T19:19:26.555+05:30"},"s":"I",  "c":"CONTROL",  "id":4784928, "ctx":"consoleTerminate","msg":"Shutting down the TTL monitor"}
{"t":{"$date":"2026-04-01T19:19:26.555+05:30"},"s":"I",  "c":"INDEX",    "id":3684100, "ctx":"consoleTerminate","msg":"Shutting down TTL collection monitor thread"}
{"t":{"$date":"2026-04-01T19:19:26.564+05:30"},"s":"I",  "c":"INDEX",    "id":3684101, "ctx":"consoleTerminate","msg":"Finished shutting down TTL collection monitor thread"}
{"t":{"$date":"2026-04-01T19:19:26.565+05:30"},"s":"I",  "c":"CONTROL",  "id":4784929, "ctx":"consoleTerminate","msg":"Acquiring the global lock for shutdown"}
{"t":{"$date":"2026-04-01T19:19:26.566+05:30"},"s":"I",  "c":"CONTROL",  "id":4784930, "ctx":"consoleTerminate","msg":"Shutting down the storage engine"}
{"t":{"$date":"2026-04-01T19:19:26.567+05:30"},"s":"I",  "c":"STORAGE",  "id":22320,   "ctx":"consoleTerminate","msg":"Shutting down journal flusher thread"}
{"t":{"$date":"2026-04-01T19:19:26.567+05:30"},"s":"I",  "c":"STORAGE",  "id":22321,   "ctx":"consoleTerminate","msg":"Finished shutting down journal flusher thread"}
{"t":{"$date":"2026-04-01T19:19:26.568+05:30"},"s":"I",  "c":"STORAGE",  "id":22322,   "ctx":"consoleTerminate","msg":"Shutting down checkpoint thread"}
{"t":{"$date":"2026-04-01T19:19:26.569+05:30"},"s":"I",  "c":"STORAGE",  "id":22323,   "ctx":"consoleTerminate","msg":"Finished shutting down checkpoint thread"}
{"t":{"$date":"2026-04-01T19:19:26.569+05:30"},"s":"I",  "c":"STORAGE",  "id":20282,   "ctx":"consoleTerminate","msg":"Deregistering all the collections"}
{"t":{"$date":"2026-04-01T19:19:26.570+05:30"},"s":"I",  "c":"STORAGE",  "id":22261,   "ctx":"consoleTerminate","msg":"Timestamp monitor shutting down"}
{"t":{"$date":"2026-04-01T19:19:26.571+05:30"},"s":"I",  "c":"STORAGE",  "id":10158003,"ctx":"consoleTerminate","msg":"SpillWiredTigerKVEngine shutting down"}
{"t":{"$date":"2026-04-01T19:19:26.571+05:30"},"s":"I",  "c":"STORAGE",  "id":10158006,"ctx":"consoleTerminate","msg":"Closing spill WiredTiger","attr":{"closeConfig":"leak_memory=true,"}}
{"t":{"$date":"2026-04-01T19:19:26.572+05:30"},"s":"I",  "c":"WTRECOV",  "id":22430,   "ctx":"consoleTerminate","msg":"WiredTiger message","attr":{"message":{"ts_sec":1775051366,"ts_usec":572413,"thread":"74860:140718149240352","session_name":"WT_CONNECTION.close","category":"WT_VERB_RECOVERY_PROGRESS","log_id":1000000,"category_id":33,"verbose_level":"INFO","verbose_level_id":0,"msg":"closing WiredTiger library."}}}
{"t":{"$date":"2026-04-01T19:19:26.573+05:30"},"s":"I",  "c":"WTRECOV",  "id":22430,   "ctx":"consoleTerminate","msg":"WiredTiger message","attr":{"message":{"ts_sec":1775051366,"ts_usec":573414,"thread":"74860:140718149240352","session_name":"WT_CONNECTION.close","category":"WT_VERB_RECOVERY_PROGRESS","log_id":1000000,"category_id":33,"verbose_level":"INFO","verbose_level_id":0,"msg":"rolling back all running transactions."}}}
{"t":{"$date":"2026-04-01T19:19:26.574+05:30"},"s":"I",  "c":"WTRECOV",  "id":22430,   "ctx":"consoleTerminate","msg":"WiredTiger message","attr":{"message":{"ts_sec":1775051366,"ts_usec":573414,"thread":"74860:140718149240352","session_name":"WT_CONNECTION.close","category":"WT_VERB_RECOVERY_PROGRESS","log_id":1000000,"category_id":33,"verbose_level":"INFO","verbose_level_id":0,"msg":"closing all running sessions."}}}
{"t":{"$date":"2026-04-01T19:19:26.574+05:30"},"s":"I",  "c":"WTRECOV",  "id":22430,   "ctx":"consoleTerminate","msg":"WiredTiger message","attr":{"message":{"ts_sec":1775051366,"ts_usec":574415,"thread":"74860:140718149240352","session_name":"WT_CONNECTION.close","category":"WT_VERB_RECOVERY_PROGRESS","log_id":1000000,"category_id":33,"verbose_level":"INFO","verbose_level_id":0,"msg":"closing some of the internal threads."}}}
{"t":{"$date":"2026-04-01T19:19:26.578+05:30"},"s":"I",  "c":"WTRECOV",  "id":22430,   "ctx":"consoleTerminate","msg":"WiredTiger message","attr":{"message":{"ts_sec":1775051366,"ts_usec":577413,"thread":"74860:140718149240352","session_name":"WT_CONNECTION.close","category":"WT_VERB_RECOVERY_PROGRESS","log_id":1000000,"category_id":33,"verbose_level":"INFO","verbose_level_id":0,"msg":"perform final checkpoint and shutting down the global transaction state"}}}
{"t":{"$date":"2026-04-01T19:19:26.579+05:30"},"s":"I",  "c":"WTCHKPT",  "id":22430,   "ctx":"consoleTerminate","msg":"WiredTiger message","attr":{"message":{"ts_sec":1775051366,"ts_usec":578414,"thread":"74860:140718149240352","session_name":"close_ckpt","category":"WT_VERB_CHECKPOINT","log_id":1000000,"category_id":5,"verbose_level":"INFO","verbose_level_id":0,"msg":"Checkpoint requested at stable timestamp (0, 0)"}}}
{"t":{"$date":"2026-04-01T19:19:26.580+05:30"},"s":"I",  "c":"WTCHKPT",  "id":22430,   "ctx":"consoleTerminate","msg":"WiredTiger message","attr":{"message":{"ts_sec":1775051366,"ts_usec":579414,"thread":"74860:140718149240352","session_name":"close_ckpt","category":"WT_VERB_CHECKPOINT_PROGRESS","log_id":1000000,"category_id":7,"verbose_level":"INFO","verbose_level_id":0,"msg":"saving checkpoint snapshot min: 2, snapshot max: 2 snapshot count: 0, oldest timestamp: (0, 0) , meta checkpoint timestamp: (0, 0) base write gen: 1"}}}
{"t":{"$date":"2026-04-01T19:19:26.592+05:30"},"s":"I",  "c":"WTRECOV",  "id":22430,   "ctx":"consoleTerminate","msg":"WiredTiger message","attr":{"message":{"ts_sec":1775051366,"ts_usec":591687,"thread":"74860:140718149240352","session_name":"WT_CONNECTION.close","category":"WT_VERB_RECOVERY_PROGRESS","log_id":1000000,"category_id":33,"verbose_level":"INFO","verbose_level_id":0,"msg":"shutdown checkpoint has successfully finished and ran for 13 milliseconds"}}}
{"t":{"$date":"2026-04-01T19:19:26.595+05:30"},"s":"I",  "c":"WTRECOV",  "id":22430,   "ctx":"consoleTerminate","msg":"WiredTiger message","attr":{"message":{"ts_sec":1775051366,"ts_usec":595121,"thread":"74860:140718149240352","session_name":"WT_CONNECTION.close","category":"WT_VERB_RECOVERY_PROGRESS","log_id":1493200,"category_id":33,"verbose_level":"INFO","verbose_level_id":0,"msg":"shutdown was completed successfully and took 21ms, including 0ms for the rollback to stable, and 13ms for the checkpoint."}}}
{"t":{"$date":"2026-04-01T19:19:26.596+05:30"},"s":"I",  "c":"WTEVICT",  "id":22430,   "ctx":"consoleTerminate","msg":"WiredTiger message","attr":{"message":{"ts_sec":1775051366,"ts_usec":596122,"thread":"74860:140718149240352","session_name":"WT_CONNECTION.close","category":"WT_VERB_EVICTION","log_id":1000000,"category_id":15,"verbose_level":"INFO","verbose_level_id":0,"msg":"stopping eviction threads"}}}
{"t":{"$date":"2026-04-01T19:19:26.597+05:30"},"s":"I",  "c":"WTEVICT",  "id":22430,   "ctx":"consoleTerminate","msg":"WiredTiger message","attr":{"message":{"ts_sec":1775051366,"ts_usec":597121,"thread":"74860:140718149240352","session_name":"WT_CONNECTION.close","category":"WT_VERB_EVICTION","log_id":1000000,"category_id":15,"verbose_level":"INFO","verbose_level_id":0,"msg":"waiting for eviction threads to stop"}}}
{"t":{"$date":"2026-04-01T19:19:26.598+05:30"},"s":"I",  "c":"WTEVICT",  "id":22430,   "ctx":"thread32","msg":"WiredTiger message","attr":{"message":{"ts_sec":1775051366,"ts_usec":598128,"thread":"74860:140718149240352","session_name":"eviction-server","category":"WT_VERB_EVICTION","log_id":1000000,"category_id":15,"verbose_level":"INFO","verbose_level_id":0,"msg":"eviction thread exiting"}}}
{"t":{"$date":"2026-04-01T19:19:26.607+05:30"},"s":"I",  "c":"STORAGE",  "id":10158007,"ctx":"consoleTerminate","msg":"Closed spill WiredTiger ","attr":{"durationMillis":36}}
{"t":{"$date":"2026-04-01T19:19:26.607+05:30"},"s":"I",  "c":"STORAGE",  "id":22317,   "ctx":"consoleTerminate","msg":"WiredTigerKVEngine shutting down"}
{"t":{"$date":"2026-04-01T19:19:26.608+05:30"},"s":"I",  "c":"STORAGE",  "id":22318,   "ctx":"consoleTerminate","msg":"Shutting down session sweeper thread"}
{"t":{"$date":"2026-04-01T19:19:26.609+05:30"},"s":"I",  "c":"STORAGE",  "id":22319,   "ctx":"consoleTerminate","msg":"Finished shutting down session sweeper thread"}
{"t":{"$date":"2026-04-01T19:19:26.610+05:30"},"s":"I",  "c":"STORAGE",  "id":4795902, "ctx":"consoleTerminate","msg":"Closing WiredTiger","attr":{"closeConfig":"leak_memory=true,use_timestamp=false,"}}
{"t":{"$date":"2026-04-01T19:19:26.611+05:30"},"s":"I",  "c":"WTRECOV",  "id":22430,   "ctx":"consoleTerminate","msg":"WiredTiger message","attr":{"message":{"ts_sec":1775051366,"ts_usec":610700,"thread":"74860:140718149240352","session_name":"WT_CONNECTION.close","category":"WT_VERB_RECOVERY_PROGRESS","log_id":1000000,"category_id":33,"verbose_level":"INFO","verbose_level_id":0,"msg":"closing WiredTiger library."}}}
{"t":{"$date":"2026-04-01T19:19:26.611+05:30"},"s":"I",  "c":"WTRECOV",  "id":22430,   "ctx":"consoleTerminate","msg":"WiredTiger message","attr":{"message":{"ts_sec":1775051366,"ts_usec":611700,"thread":"74860:140718149240352","session_name":"WT_CONNECTION.close","category":"WT_VERB_RECOVERY_PROGRESS","log_id":1000000,"category_id":33,"verbose_level":"INFO","verbose_level_id":0,"msg":"rolling back all running transactions."}}}
{"t":{"$date":"2026-04-01T19:19:26.612+05:30"},"s":"I",  "c":"WTRECOV",  "id":22430,   "ctx":"consoleTerminate","msg":"WiredTiger message","attr":{"message":{"ts_sec":1775051366,"ts_usec":611700,"thread":"74860:140718149240352","session_name":"WT_CONNECTION.close","category":"WT_VERB_RECOVERY_PROGRESS","log_id":1000000,"category_id":33,"verbose_level":"INFO","verbose_level_id":0,"msg":"closing all running sessions."}}}
{"t":{"$date":"2026-04-01T19:19:26.613+05:30"},"s":"I",  "c":"WTRECOV",  "id":22430,   "ctx":"consoleTerminate","msg":"WiredTiger message","attr":{"message":{"ts_sec":1775051366,"ts_usec":612701,"thread":"74860:140718149240352","session_name":"WT_CONNECTION.close","category":"WT_VERB_RECOVERY_PROGRESS","log_id":1000000,"category_id":33,"verbose_level":"INFO","verbose_level_id":0,"msg":"closing some of the internal threads."}}}
{"t":{"$date":"2026-04-01T19:19:26.616+05:30"},"s":"I",  "c":"WTRECOV",  "id":22430,   "ctx":"consoleTerminate","msg":"WiredTiger message","attr":{"message":{"ts_sec":1775051366,"ts_usec":615702,"thread":"74860:140718149240352","session_name":"WT_CONNECTION.close","category":"WT_VERB_RECOVERY_PROGRESS","log_id":1000000,"category_id":33,"verbose_level":"INFO","verbose_level_id":0,"msg":"perform final checkpoint and shutting down the global transaction state"}}}
{"t":{"$date":"2026-04-01T19:19:26.619+05:30"},"s":"I",  "c":"WTCHKPT",  "id":22430,   "ctx":"consoleTerminate","msg":"WiredTiger message","attr":{"message":{"ts_sec":1775051366,"ts_usec":618700,"thread":"74860:140718149240352","session_name":"close_ckpt","category":"WT_VERB_CHECKPOINT_PROGRESS","log_id":1000000,"category_id":7,"verbose_level":"INFO","verbose_level_id":0,"msg":"saving checkpoint snapshot min: 34, snapshot max: 34 snapshot count: 0, oldest timestamp: (0, 0) , meta checkpoint timestamp: (0, 0) base write gen: 1"}}}
{"t":{"$date":"2026-04-01T19:19:26.632+05:30"},"s":"I",  "c":"WTRECOV",  "id":22430,   "ctx":"consoleTerminate","msg":"WiredTiger message","attr":{"message":{"ts_sec":1775051366,"ts_usec":632227,"thread":"74860:140718149240352","session_name":"WT_CONNECTION.close","category":"WT_VERB_RECOVERY_PROGRESS","log_id":1000000,"category_id":33,"verbose_level":"INFO","verbose_level_id":0,"msg":"shutdown checkpoint has successfully finished and ran for 15 milliseconds"}}}
{"t":{"$date":"2026-04-01T19:19:26.633+05:30"},"s":"I",  "c":"WTRECOV",  "id":22430,   "ctx":"consoleTerminate","msg":"WiredTiger message","attr":{"message":{"ts_sec":1775051366,"ts_usec":633227,"thread":"74860:140718149240352","session_name":"WT_CONNECTION.close","category":"WT_VERB_RECOVERY_PROGRESS","log_id":1493200,"category_id":33,"verbose_level":"INFO","verbose_level_id":0,"msg":"shutdown was completed successfully and took 21ms, including 0ms for the rollback to stable, and 15ms for the checkpoint."}}}
{"t":{"$date":"2026-04-01T19:19:26.633+05:30"},"s":"I",  "c":"WTEVICT",  "id":22430,   "ctx":"consoleTerminate","msg":"WiredTiger message","attr":{"message":{"ts_sec":1775051366,"ts_usec":633227,"thread":"74860:140718149240352","session_name":"WT_CONNECTION.close","category":"WT_VERB_EVICTION","log_id":1000000,"category_id":15,"verbose_level":"INFO","verbose_level_id":0,"msg":"stopping eviction threads"}}}
{"t":{"$date":"2026-04-01T19:19:26.634+05:30"},"s":"I",  "c":"WTEVICT",  "id":22430,   "ctx":"consoleTerminate","msg":"WiredTiger message","attr":{"message":{"ts_sec":1775051366,"ts_usec":634227,"thread":"74860:140718149240352","session_name":"WT_CONNECTION.close","category":"WT_VERB_EVICTION","log_id":1000000,"category_id":15,"verbose_level":"INFO","verbose_level_id":0,"msg":"waiting for eviction threads to stop"}}}
{"t":{"$date":"2026-04-01T19:19:26.635+05:30"},"s":"I",  "c":"WTEVICT",  "id":22430,   "ctx":"thread33","msg":"WiredTiger message","attr":{"message":{"ts_sec":1775051366,"ts_usec":634227,"thread":"74860:140718149240352","session_name":"eviction-server","category":"WT_VERB_EVICTION","log_id":1000000,"category_id":15,"verbose_level":"INFO","verbose_level_id":0,"msg":"eviction thread exiting"}}}
{"t":{"$date":"2026-04-01T19:19:26.669+05:30"},"s":"I",  "c":"STORAGE",  "id":4795901, "ctx":"consoleTerminate","msg":"WiredTiger closed","attr":{"durationMillis":59}}
{"t":{"$date":"2026-04-01T19:19:26.670+05:30"},"s":"I",  "c":"STORAGE",  "id":22281,   "ctx":"consoleTerminate","msg":"shutdown: removing fs lock..."}
{"t":{"$date":"2026-04-01T19:19:26.671+05:30"},"s":"I",  "c":"-",        "id":4784931, "ctx":"consoleTerminate","msg":"Dropping the scope cache for shutdown"}
{"t":{"$date":"2026-04-01T19:19:26.672+05:30"},"s":"I",  "c":"FTDC",     "id":20626,   "ctx":"consoleTerminate","msg":"Shutting down full-time diagnostic data capture"}
{"t":{"$date":"2026-04-01T19:19:26.679+05:30"},"s":"I",  "c":"-",        "id":10175800,"ctx":"consoleTerminate","msg":"Shutting down the standalone executor"}
{"t":{"$date":"2026-04-01T19:19:26.679+05:30"},"s":"I",  "c":"CONNPOOL", "id":22582,   "ctx":"consoleTerminate","msg":"Killing all outstanding egress activity","attr":{"instanceName":"NetworkInterfaceTL-StandaloneNetwork","numKilledByType":{}}}
{"t":{"$date":"2026-04-01T19:19:26.680+05:30"},"s":"I",  "c":"CONTROL",  "id":20565,   "ctx":"consoleTerminate","msg":"Now exiting"}
{"t":{"$date":"2026-04-01T19:19:26.683+05:30"},"s":"I",  "c":"CONTROL",  "id":8423404, "ctx":"consoleTerminate","msg":"mongod shutdown complete","attr":{"Summary of time elapsed":{"Statistics":{"enterTerminalShutdownMillis":0,"stepDownReplCoordMillis":0,"quiesceModeMillis":0,"stopFLECrudMillis":2,"shutDownMirrorMaestroMillis":1,"shutDownWaitForMajorityServiceMillis":6,"shutDownLogicalSessionCacheMillis":2,"shutDownGlobalConnectionPoolMillis":1,"shutDownSearchTaskExecutorsMillis":0,"shutDownFlowControlTicketHolderMillis":2,"shutDownAbortExpiredTransactionsThreadMillis":0,"shutDownRollbackUnderCachePressureThreadMillis":1,"killAllOperationsMillis":1,"shutDownOpenTransactionsMillis":0,"acquireRSTLMillis":1,"shutDownIndexBuildsCoordinatorMillis":1,"shutDownReplicaSetMonitorMillis":0,"shutDownTransportLayerMillis":1,"shutDownHealthLogMillis":0,"shutDownTTLMonitorMillis":12,"shutDownExpiredDocumentRemoverMillis":0,"shutDownStorageEngineMillis":105,"shutDownOtelMetricsMillis":0,"shutDownFTDCMillis":1,"shutDownReplicaSetNodeExecutorMillis":7,"shutDownOCSPMillis":0,"shutdownTaskTotalMillis":170}}}}
{"t":{"$date":"2026-04-01T19:19:26.684+05:30"},"s":"I",  "c":"CONTROL",  "id":23138,   "ctx":"consoleTerminate","msg":"Shutting down","attr":{"exitCode":12}}
